Build started 7/13/2015 1:05:05 AM.
     1>Project "C:\Ahmed's data\software projects\visual studio 2013\3DMath\3DMath\3DMath.vcxproj" on node 2 (Rebuild target(s)).
     1>ClCompile:
         C:\Program Files (x86)\Microsoft Visual Studio 12.0\VC\bin\CL.exe /c /ZI /nologo /W3 /WX- /sdl /Od /Oy- /D _MBCS /Gm /EHsc /RTC1 /MDd /GS /fp:precise /Zc:wchar_t /Zc:forScope /Fo"Debug\\" /Fd"Debug\vc120.pdb" /Gd /TP /analyze- /errorReport:prompt "..\..\..\..\..\Ahmed's data\software projects\visual studio 2013\3DMath\3DMath\main.cpp" "..\..\..\..\..\Ahmed's data\software projects\visual studio 2013\3DMath\3DMath\Vector3.cpp"
         Vector3.cpp
     1>c:\ahmed's data\software projects\visual studio 2013\3dmath\3dmath\vector3.h(19): fatal error C1001: An internal error has occurred in the compiler.
         (compiler file 'msc1.cpp', line 1325)
          To work around this problem, try simplifying or changing the program near the locations listed above.
         Please choose the Technical Support command on the Visual C++ 
          Help menu, or open the Technical Support help file for more information
                 c:\ahmed's data\software projects\visual studio 2013\3dmath\3dmath\vector3.h(37) : see reference to class template instantiation 'Vector3<type>' being compiled
     1>Done Building Project "C:\Ahmed's data\software projects\visual studio 2013\3DMath\3DMath\3DMath.vcxproj" (Rebuild target(s)) -- FAILED.

Build FAILED.

Time Elapsed 00:00:01.93
